<?xml version="1.0" encoding="UTF-8"?>
<!-- Generated by org.testng.reporters.JUnitXMLReporter -->
<testsuite ignored="0" hostname="DESKTOP-UFUVF4F" failures="0" tests="4" name="Default test" time="34.344" errors="0" timestamp="2022-10-14T09:10:14 IST">
  <testcase classname="com.NopComm.TestLogin.TestClass" name="titleVerify" time="3.134"/>
  <testcase classname="com.NopComm.TestLogin.TestClass" name="chkBoxVerify" time="2.041"/>
  <testcase classname="com.NopComm.TestLogin.TestClass" name="loginVerify" time="11.23"/>
  <testcase classname="com.NopComm.TestLogin.TestClass" name="logoVerify" time="5.297"/>
</testsuite> <!-- Default test -->
