<?xml version="1.0" encoding="UTF-8"?>
<!-- Generated by org.testng.reporters.JUnitXMLReporter -->
<testsuite ignored="0" hostname="DESKTOP-UFUVF4F" failures="0" tests="4" name="Test" time="31.049" errors="0" timestamp="2022-10-14T00:12:01 IST">
  <testcase classname="com.NopComm.TestLogin.TestClass" name="titleVerify" time="2.565"/>
  <testcase classname="com.NopComm.TestLogin.TestClass" name="chkBoxVerify" time="2.039"/>
  <testcase classname="com.NopComm.TestLogin.TestClass" name="loginVerify" time="10.911"/>
  <testcase classname="com.NopComm.TestLogin.TestClass" name="logoVerify" time="5.188"/>
</testsuite> <!-- Test -->
